d:\github\cg\cghw3\hellotriangle\debug\vc141.pdb
d:\github\cg\cghw3\hellotriangle\debug\vc141.idb
d:\github\cg\cghw3\hellotriangle\debug\glad.obj
d:\github\cg\cghw3\project\debug\vc141.pdb
d:\github\cg\cghw3\project\debug\vc141.idb
d:\github\cg\cghw3\project\debug\draw.obj
d:\github\cg\cghw3\project\debug\imgui.obj
d:\github\cg\cghw3\project\debug\imgui_demo.obj
d:\github\cg\cghw3\project\debug\imgui_draw.obj
d:\github\cg\cghw3\project\debug\imgui_impl_glfw_gl3.obj
d:\github\cg\cghw3\project\debug\main.obj
d:\github\cg\cghw3\project\debug\glad.obj
d:\github\cg\cghw3\hellotriangle\debug\cghw3.ilk
d:\github\cg\cghw3\hellotriangle\debug\cghw3.exe
d:\github\cg\cghw3\hellotriangle\debug\cghw3.pdb
d:\github\cg\cghw3\project\debug\cghw3.exe
d:\github\cg\cghw3\project\debug\cghw3.ilk
d:\github\cg\cghw3\project\debug\cghw3.pdb
d:\github\cg\cghw3\project\debug\initial.obj
d:\github\cg\cghw3\project\debug\triangle.obj
d:\github\cg\cghw3\project\debug\cghw3project.ilk
d:\github\cg\cghw3\project\debug\hellotriangle.ilk
d:\github\cg\cghw3\project\debug\cghw3project.pdb
d:\github\cg\cghw3\project\debug\hellotriangle.pdb
d:\github\cg\cghw3\project\debug\cghw3.tlog\cl.command.1.tlog
d:\github\cg\cghw3\project\debug\cghw3.tlog\cl.read.1.tlog
d:\github\cg\cghw3\project\debug\cghw3.tlog\cl.write.1.tlog
d:\github\cg\cghw3\project\debug\cghw3.tlog\link.command.1.tlog
d:\github\cg\cghw3\project\debug\cghw3.tlog\link.read.1.tlog
d:\github\cg\cghw3\project\debug\cghw3.tlog\link.write.1.tlog
