  main.cpp
c:\github\cg\cghw3\hellotriangle\main.cpp(419): warning C4244: “=”: 从“double”转换到“int”，可能丢失数据
c:\software\vs2017\vc\tools\msvc\14.11.25503\include\xmemory0(856): error C2558: struct“Point”: 没有可用的复制构造函数或复制构造函数声明为“explicit”
  c:\software\vs2017\vc\tools\msvc\14.11.25503\include\vector(958): note: 参见对正在编译的函数 模板 实例化“void std::_Default_allocator_traits<_Alloc>::construct<_Ty,const _Ty&>(_Alloc &,_Objty *const ,const _Ty &)”的引用
          with
          [
              _Alloc=std::allocator<Point>,
              _Ty=Point,
              _Objty=Point
          ]
  c:\software\vs2017\vc\tools\msvc\14.11.25503\include\vector(958): note: 参见对正在编译的函数 模板 实例化“void std::_Default_allocator_traits<_Alloc>::construct<_Ty,const _Ty&>(_Alloc &,_Objty *const ,const _Ty &)”的引用
          with
          [
              _Alloc=std::allocator<Point>,
              _Ty=Point,
              _Objty=Point
          ]
  c:\software\vs2017\vc\tools\msvc\14.11.25503\include\vector(981): note: 参见对正在编译的函数 模板 实例化“void std::vector<Point,std::allocator<_Ty>>::emplace_back<const _Ty&>(const _Ty &)”的引用
          with
          [
              _Ty=Point
          ]
  c:\software\vs2017\vc\tools\msvc\14.11.25503\include\vector(980): note: 编译 类 模板 成员函数 "void std::vector<Point,std::allocator<_Ty>>::push_back(const _Ty &)" 时
          with
          [
              _Ty=Point
          ]
  c:\github\cg\cghw3\hellotriangle\main.cpp(322): note: 参见对正在编译的函数 模板 实例化“void std::vector<Point,std::allocator<_Ty>>::push_back(const _Ty &)”的引用
          with
          [
              _Ty=Point
          ]
  c:\github\cg\cghw3\hellotriangle\main.cpp(321): note: 参见对正在编译的 类 模板 实例化 "std::vector<Point,std::allocator<_Ty>>" 的引用
          with
          [
              _Ty=Point
          ]
